Started GET "/" for ::1 at 2023-02-20 10:36:07 +0100
Processing by Rails::WelcomeController#index as HTML
  Rendering /Users/juliemunn/.rbenv/versions/3.1.2/lib/ruby/gems/3.1.0/gems/railties-7.0.4.2/lib/rails/templates/rails/welcome/index.html.erb
  Rendered /Users/juliemunn/.rbenv/versions/3.1.2/lib/ruby/gems/3.1.0/gems/railties-7.0.4.2/lib/rails/templates/rails/welcome/index.html.erb (Duration: 3.0ms | Allocations: 578)
Completed 200 OK in 19ms (Views: 10.8ms | ActiveRecord: 0.0ms | Allocations: 3246)


Started GET "/ask" for ::1 at 2023-02-20 10:50:17 +0100
  
ActionController::RoutingError (uninitialized constant PagesController

      Object.const_get(camel_cased_word)
            ^^^^^^^^^^

            raise MissingController.new(error.message, error.name)
            ^^^^^):
  
Started GET "/ask" for ::1 at 2023-02-20 10:51:20 +0100
Processing by QuestionsController#ask as HTML
Completed 406 Not Acceptable in 1ms (Allocations: 709)


  
ActionController::MissingExactTemplate (QuestionsController#ask is missing a template for request formats: text/html):
  
actionpack (7.0.4.2) lib/action_controller/metal/implicit_render.rb:45:in `default_render'
actionpack (7.0.4.2) lib/action_controller/metal/basic_implicit_render.rb:6:in `block in send_action'
<internal:kernel>:90:in `tap'
actionpack (7.0.4.2) lib/action_controller/metal/basic_implicit_render.rb:6:in `send_action'
actionpack (7.0.4.2) lib/abstract_controller/base.rb:215:in `process_action'
actionpack (7.0.4.2) lib/action_controller/metal/rendering.rb:53:in `process_action'
actionpack (7.0.4.2) lib/abstract_controller/callbacks.rb:234:in `block in process_action'
activesupport (7.0.4.2) lib/active_support/callbacks.rb:107:in `run_callbacks'
actionpack (7.0.4.2) lib/abstract_controller/callbacks.rb:233:in `process_action'
actionpack (7.0.4.2) lib/action_controller/metal/rescue.rb:22:in `process_action'
actionpack (7.0.4.2) lib/action_controller/metal/instrumentation.rb:67:in `block in process_action'
activesupport (7.0.4.2) lib/active_support/notifications.rb:206:in `block in instrument'
activesupport (7.0.4.2) lib/active_support/notifications/instrumenter.rb:24:in `instrument'
activesupport (7.0.4.2) lib/active_support/notifications.rb:206:in `instrument'
actionpack (7.0.4.2) lib/action_controller/metal/instrumentation.rb:66:in `process_action'
actionpack (7.0.4.2) lib/action_controller/metal/params_wrapper.rb:259:in `process_action'
activerecord (7.0.4.2) lib/active_record/railties/controller_runtime.rb:27:in `process_action'
actionpack (7.0.4.2) lib/abstract_controller/base.rb:151:in `process'
actionview (7.0.4.2) lib/action_view/rendering.rb:39:in `process'
actionpack (7.0.4.2) lib/action_controller/metal.rb:188:in `dispatch'
actionpack (7.0.4.2) lib/action_controller/metal.rb:251:in `dispatch'
actionpack (7.0.4.2) lib/action_dispatch/routing/route_set.rb:49:in `dispatch'
actionpack (7.0.4.2) lib/action_dispatch/routing/route_set.rb:32:in `serve'
actionpack (7.0.4.2) lib/action_dispatch/journey/router.rb:50:in `block in serve'
actionpack (7.0.4.2) lib/action_dispatch/journey/router.rb:32:in `each'
actionpack (7.0.4.2) lib/action_dispatch/journey/router.rb:32:in `serve'
actionpack (7.0.4.2) lib/action_dispatch/routing/route_set.rb:852:in `call'
rack (2.2.6.2) lib/rack/tempfile_reaper.rb:15:in `call'
rack (2.2.6.2) lib/rack/etag.rb:27:in `call'
rack (2.2.6.2) lib/rack/conditional_get.rb:27:in `call'
rack (2.2.6.2) lib/rack/head.rb:12:in `call'
actionpack (7.0.4.2) lib/action_dispatch/http/permissions_policy.rb:38:in `call'
actionpack (7.0.4.2) lib/action_dispatch/http/content_security_policy.rb:36:in `call'
rack (2.2.6.2) lib/rack/session/abstract/id.rb:266:in `context'
rack (2.2.6.2) lib/rack/session/abstract/id.rb:260:in `call'
actionpack (7.0.4.2) lib/action_dispatch/middleware/cookies.rb:704:in `call'
activerecord (7.0.4.2) lib/active_record/migration.rb:603:in `call'
actionpack (7.0.4.2) lib/action_dispatch/middleware/callbacks.rb:27:in `block in call'
activesupport (7.0.4.2) lib/active_support/callbacks.rb:99:in `run_callbacks'
actionpack (7.0.4.2) lib/action_dispatch/middleware/callbacks.rb:26:in `call'
actionpack (7.0.4.2) lib/action_dispatch/middleware/executor.rb:14:in `call'
actionpack (7.0.4.2) lib/action_dispatch/middleware/actionable_exceptions.rb:17:in `call'
actionpack (7.0.4.2) lib/action_dispatch/middleware/debug_exceptions.rb:28:in `call'
web-console (4.2.0) lib/web_console/middleware.rb:132:in `call_app'
web-console (4.2.0) lib/web_console/middleware.rb:28:in `block in call'
web-console (4.2.0) lib/web_console/middleware.rb:17:in `catch'
web-console (4.2.0) lib/web_console/middleware.rb:17:in `call'
actionpack (7.0.4.2) lib/action_dispatch/middleware/show_exceptions.rb:26:in `call'
railties (7.0.4.2) lib/rails/rack/logger.rb:40:in `call_app'
railties (7.0.4.2) lib/rails/rack/logger.rb:25:in `block in call'
activesupport (7.0.4.2) lib/active_support/tagged_logging.rb:99:in `block in tagged'
activesupport (7.0.4.2) lib/active_support/tagged_logging.rb:37:in `tagged'
activesupport (7.0.4.2) lib/active_support/tagged_logging.rb:99:in `tagged'
railties (7.0.4.2) lib/rails/rack/logger.rb:25:in `call'
sprockets-rails (3.4.2) lib/sprockets/rails/quiet_assets.rb:13:in `call'
actionpack (7.0.4.2) lib/action_dispatch/middleware/remote_ip.rb:93:in `call'
actionpack (7.0.4.2) lib/action_dispatch/middleware/request_id.rb:26:in `call'
rack (2.2.6.2) lib/rack/method_override.rb:24:in `call'
rack (2.2.6.2) lib/rack/runtime.rb:22:in `call'
activesupport (7.0.4.2) lib/active_support/cache/strategy/local_cache_middleware.rb:29:in `call'
actionpack (7.0.4.2) lib/action_dispatch/middleware/server_timing.rb:61:in `block in call'
actionpack (7.0.4.2) lib/action_dispatch/middleware/server_timing.rb:26:in `collect_events'
actionpack (7.0.4.2) lib/action_dispatch/middleware/server_timing.rb:60:in `call'
actionpack (7.0.4.2) lib/action_dispatch/middleware/executor.rb:14:in `call'
actionpack (7.0.4.2) lib/action_dispatch/middleware/static.rb:23:in `call'
rack (2.2.6.2) lib/rack/sendfile.rb:110:in `call'
actionpack (7.0.4.2) lib/action_dispatch/middleware/host_authorization.rb:137:in `call'
railties (7.0.4.2) lib/rails/engine.rb:530:in `call'
puma (5.6.5) lib/puma/configuration.rb:252:in `call'
puma (5.6.5) lib/puma/request.rb:77:in `block in handle_request'
puma (5.6.5) lib/puma/thread_pool.rb:340:in `with_force_shutdown'
puma (5.6.5) lib/puma/request.rb:76:in `handle_request'
puma (5.6.5) lib/puma/server.rb:443:in `process_client'
puma (5.6.5) lib/puma/thread_pool.rb:147:in `block in spawn_thread'
Started GET "/ask" for ::1 at 2023-02-20 10:52:49 +0100
Processing by QuestionsController#ask as HTML
  Rendering layout layouts/application.html.erb
  Rendering questions/ask.html.erb within layouts/application
  Rendered questions/ask.html.erb within layouts/application (Duration: 0.2ms | Allocations: 99)
  Rendered layout layouts/application.html.erb (Duration: 165.5ms | Allocations: 59748)
Completed 200 OK in 167ms (Views: 166.7ms | Allocations: 60647)


Started GET "/ask" for ::1 at 2023-02-20 10:55:03 +0100
Processing by QuestionsController#ask as HTML
  Rendering layout layouts/application.html.erb
  Rendering questions/ask.html.erb within layouts/application
  Rendered questions/ask.html.erb within layouts/application (Duration: 0.2ms | Allocations: 116)
  Rendered layout layouts/application.html.erb (Duration: 5.1ms | Allocations: 6322)
Completed 200 OK in 6ms (Views: 5.8ms | Allocations: 7187)


Started GET "/answer?%3F%3F%3F=what+are+you%3F" for ::1 at 2023-02-20 10:55:09 +0100
Processing by QuestionsController#answer as HTML
  Parameters: {"???"=>"what are you?"}
Completed 406 Not Acceptable in 1ms (Allocations: 589)


  
ActionController::MissingExactTemplate (QuestionsController#answer is missing a template for request formats: text/html):
  
actionpack (7.0.4.2) lib/action_controller/metal/implicit_render.rb:45:in `default_render'
actionpack (7.0.4.2) lib/action_controller/metal/basic_implicit_render.rb:6:in `block in send_action'
<internal:kernel>:90:in `tap'
actionpack (7.0.4.2) lib/action_controller/metal/basic_implicit_render.rb:6:in `send_action'
actionpack (7.0.4.2) lib/abstract_controller/base.rb:215:in `process_action'
actionpack (7.0.4.2) lib/action_controller/metal/rendering.rb:53:in `process_action'
actionpack (7.0.4.2) lib/abstract_controller/callbacks.rb:234:in `block in process_action'
activesupport (7.0.4.2) lib/active_support/callbacks.rb:107:in `run_callbacks'
actionpack (7.0.4.2) lib/abstract_controller/callbacks.rb:233:in `process_action'
actionpack (7.0.4.2) lib/action_controller/metal/rescue.rb:22:in `process_action'
actionpack (7.0.4.2) lib/action_controller/metal/instrumentation.rb:67:in `block in process_action'
activesupport (7.0.4.2) lib/active_support/notifications.rb:206:in `block in instrument'
activesupport (7.0.4.2) lib/active_support/notifications/instrumenter.rb:24:in `instrument'
activesupport (7.0.4.2) lib/active_support/notifications.rb:206:in `instrument'
actionpack (7.0.4.2) lib/action_controller/metal/instrumentation.rb:66:in `process_action'
actionpack (7.0.4.2) lib/action_controller/metal/params_wrapper.rb:259:in `process_action'
activerecord (7.0.4.2) lib/active_record/railties/controller_runtime.rb:27:in `process_action'
actionpack (7.0.4.2) lib/abstract_controller/base.rb:151:in `process'
actionview (7.0.4.2) lib/action_view/rendering.rb:39:in `process'
actionpack (7.0.4.2) lib/action_controller/metal.rb:188:in `dispatch'
actionpack (7.0.4.2) lib/action_controller/metal.rb:251:in `dispatch'
actionpack (7.0.4.2) lib/action_dispatch/routing/route_set.rb:49:in `dispatch'
actionpack (7.0.4.2) lib/action_dispatch/routing/route_set.rb:32:in `serve'
actionpack (7.0.4.2) lib/action_dispatch/journey/router.rb:50:in `block in serve'
actionpack (7.0.4.2) lib/action_dispatch/journey/router.rb:32:in `each'
actionpack (7.0.4.2) lib/action_dispatch/journey/router.rb:32:in `serve'
actionpack (7.0.4.2) lib/action_dispatch/routing/route_set.rb:852:in `call'
rack (2.2.6.2) lib/rack/tempfile_reaper.rb:15:in `call'
rack (2.2.6.2) lib/rack/etag.rb:27:in `call'
rack (2.2.6.2) lib/rack/conditional_get.rb:27:in `call'
rack (2.2.6.2) lib/rack/head.rb:12:in `call'
actionpack (7.0.4.2) lib/action_dispatch/http/permissions_policy.rb:38:in `call'
actionpack (7.0.4.2) lib/action_dispatch/http/content_security_policy.rb:36:in `call'
rack (2.2.6.2) lib/rack/session/abstract/id.rb:266:in `context'
rack (2.2.6.2) lib/rack/session/abstract/id.rb:260:in `call'
actionpack (7.0.4.2) lib/action_dispatch/middleware/cookies.rb:704:in `call'
activerecord (7.0.4.2) lib/active_record/migration.rb:603:in `call'
actionpack (7.0.4.2) lib/action_dispatch/middleware/callbacks.rb:27:in `block in call'
activesupport (7.0.4.2) lib/active_support/callbacks.rb:99:in `run_callbacks'
actionpack (7.0.4.2) lib/action_dispatch/middleware/callbacks.rb:26:in `call'
actionpack (7.0.4.2) lib/action_dispatch/middleware/executor.rb:14:in `call'
actionpack (7.0.4.2) lib/action_dispatch/middleware/actionable_exceptions.rb:17:in `call'
actionpack (7.0.4.2) lib/action_dispatch/middleware/debug_exceptions.rb:28:in `call'
web-console (4.2.0) lib/web_console/middleware.rb:132:in `call_app'
web-console (4.2.0) lib/web_console/middleware.rb:28:in `block in call'
web-console (4.2.0) lib/web_console/middleware.rb:17:in `catch'
web-console (4.2.0) lib/web_console/middleware.rb:17:in `call'
actionpack (7.0.4.2) lib/action_dispatch/middleware/show_exceptions.rb:26:in `call'
railties (7.0.4.2) lib/rails/rack/logger.rb:40:in `call_app'
railties (7.0.4.2) lib/rails/rack/logger.rb:25:in `block in call'
activesupport (7.0.4.2) lib/active_support/tagged_logging.rb:99:in `block in tagged'
activesupport (7.0.4.2) lib/active_support/tagged_logging.rb:37:in `tagged'
activesupport (7.0.4.2) lib/active_support/tagged_logging.rb:99:in `tagged'
railties (7.0.4.2) lib/rails/rack/logger.rb:25:in `call'
sprockets-rails (3.4.2) lib/sprockets/rails/quiet_assets.rb:13:in `call'
actionpack (7.0.4.2) lib/action_dispatch/middleware/remote_ip.rb:93:in `call'
actionpack (7.0.4.2) lib/action_dispatch/middleware/request_id.rb:26:in `call'
rack (2.2.6.2) lib/rack/method_override.rb:24:in `call'
rack (2.2.6.2) lib/rack/runtime.rb:22:in `call'
activesupport (7.0.4.2) lib/active_support/cache/strategy/local_cache_middleware.rb:29:in `call'
actionpack (7.0.4.2) lib/action_dispatch/middleware/server_timing.rb:61:in `block in call'
actionpack (7.0.4.2) lib/action_dispatch/middleware/server_timing.rb:26:in `collect_events'
actionpack (7.0.4.2) lib/action_dispatch/middleware/server_timing.rb:60:in `call'
actionpack (7.0.4.2) lib/action_dispatch/middleware/executor.rb:14:in `call'
actionpack (7.0.4.2) lib/action_dispatch/middleware/static.rb:23:in `call'
rack (2.2.6.2) lib/rack/sendfile.rb:110:in `call'
actionpack (7.0.4.2) lib/action_dispatch/middleware/host_authorization.rb:137:in `call'
railties (7.0.4.2) lib/rails/engine.rb:530:in `call'
puma (5.6.5) lib/puma/configuration.rb:252:in `call'
puma (5.6.5) lib/puma/request.rb:77:in `block in handle_request'
puma (5.6.5) lib/puma/thread_pool.rb:340:in `with_force_shutdown'
puma (5.6.5) lib/puma/request.rb:76:in `handle_request'
puma (5.6.5) lib/puma/server.rb:443:in `process_client'
puma (5.6.5) lib/puma/thread_pool.rb:147:in `block in spawn_thread'
Started GET "/answer?%3F%3F%3F=what+are+you%3F" for ::1 at 2023-02-20 10:55:25 +0100
Processing by QuestionsController#answer as HTML
  Parameters: {"???"=>"what are you?"}
  Rendering layout layouts/application.html.erb
  Rendering questions/answer.html.erb within layouts/application
  Rendered questions/answer.html.erb within layouts/application (Duration: 0.2ms | Allocations: 99)
  Rendered layout layouts/application.html.erb (Duration: 4.6ms | Allocations: 2859)
Completed 200 OK in 6ms (Views: 5.6ms | Allocations: 3599)


Started GET "/ask" for ::1 at 2023-02-20 11:05:14 +0100
  
SyntaxError (/Users/juliemunn/code/jmunn302/rails-stupid-coaching/app/controllers/questions_controller.rb:17: syntax error, unexpected `end', expecting end-of-input):
  
app/controllers/questions_controller.rb:17: syntax error, unexpected `end', expecting end-of-input
app/controllers/questions_controller.rb:17: syntax error, unexpected `end', expecting end-of-input
app/controllers/questions_controller.rb:17: syntax error, unexpected `end', expecting end-of-input
Started GET "/ask" for ::1 at 2023-02-20 11:05:22 +0100
  
SyntaxError (/Users/juliemunn/code/jmunn302/rails-stupid-coaching/app/controllers/questions_controller.rb:17: syntax error, unexpected `end', expecting end-of-input):
  
app/controllers/questions_controller.rb:17: syntax error, unexpected `end', expecting end-of-input
app/controllers/questions_controller.rb:17: syntax error, unexpected `end', expecting end-of-input
app/controllers/questions_controller.rb:17: syntax error, unexpected `end', expecting end-of-input
Started GET "/ask" for ::1 at 2023-02-20 11:05:29 +0100
  
SyntaxError (/Users/juliemunn/code/jmunn302/rails-stupid-coaching/app/controllers/questions_controller.rb:17: syntax error, unexpected `end', expecting end-of-input):
  
app/controllers/questions_controller.rb:17: syntax error, unexpected `end', expecting end-of-input
app/controllers/questions_controller.rb:17: syntax error, unexpected `end', expecting end-of-input
app/controllers/questions_controller.rb:17: syntax error, unexpected `end', expecting end-of-input
Started GET "/ask" for ::1 at 2023-02-20 11:05:31 +0100
  
SyntaxError (/Users/juliemunn/code/jmunn302/rails-stupid-coaching/app/controllers/questions_controller.rb:17: syntax error, unexpected `end', expecting end-of-input):
  
app/controllers/questions_controller.rb:17: syntax error, unexpected `end', expecting end-of-input
app/controllers/questions_controller.rb:17: syntax error, unexpected `end', expecting end-of-input
app/controllers/questions_controller.rb:17: syntax error, unexpected `end', expecting end-of-input
Started GET "/ask" for ::1 at 2023-02-20 11:06:15 +0100
  
SyntaxError (/Users/juliemunn/code/jmunn302/rails-stupid-coaching/app/controllers/questions_controller.rb:17: syntax error, unexpected `end', expecting end-of-input):
  
app/controllers/questions_controller.rb:17: syntax error, unexpected `end', expecting end-of-input
app/controllers/questions_controller.rb:17: syntax error, unexpected `end', expecting end-of-input
app/controllers/questions_controller.rb:17: syntax error, unexpected `end', expecting end-of-input
Started GET "/ask" for ::1 at 2023-02-20 11:06:16 +0100
  
SyntaxError (/Users/juliemunn/code/jmunn302/rails-stupid-coaching/app/controllers/questions_controller.rb:17: syntax error, unexpected `end', expecting end-of-input):
  
app/controllers/questions_controller.rb:17: syntax error, unexpected `end', expecting end-of-input
app/controllers/questions_controller.rb:17: syntax error, unexpected `end', expecting end-of-input
app/controllers/questions_controller.rb:17: syntax error, unexpected `end', expecting end-of-input
Started GET "/ask" for ::1 at 2023-02-20 11:06:17 +0100
  
SyntaxError (/Users/juliemunn/code/jmunn302/rails-stupid-coaching/app/controllers/questions_controller.rb:17: syntax error, unexpected `end', expecting end-of-input):
  
app/controllers/questions_controller.rb:17: syntax error, unexpected `end', expecting end-of-input
app/controllers/questions_controller.rb:17: syntax error, unexpected `end', expecting end-of-input
app/controllers/questions_controller.rb:17: syntax error, unexpected `end', expecting end-of-input
Started GET "/" for ::1 at 2023-02-20 11:06:19 +0100
Processing by Rails::WelcomeController#index as HTML
  Rendering /Users/juliemunn/.rbenv/versions/3.1.2/lib/ruby/gems/3.1.0/gems/railties-7.0.4.2/lib/rails/templates/rails/welcome/index.html.erb
  Rendered /Users/juliemunn/.rbenv/versions/3.1.2/lib/ruby/gems/3.1.0/gems/railties-7.0.4.2/lib/rails/templates/rails/welcome/index.html.erb (Duration: 0.6ms | Allocations: 287)
Completed 200 OK in 2ms (Views: 1.6ms | Allocations: 1033)


Started GET "/ask" for ::1 at 2023-02-20 11:06:24 +0100
  
SyntaxError (/Users/juliemunn/code/jmunn302/rails-stupid-coaching/app/controllers/questions_controller.rb:17: syntax error, unexpected `end', expecting end-of-input):
  
app/controllers/questions_controller.rb:17: syntax error, unexpected `end', expecting end-of-input
app/controllers/questions_controller.rb:17: syntax error, unexpected `end', expecting end-of-input
app/controllers/questions_controller.rb:17: syntax error, unexpected `end', expecting end-of-input
Started GET "/ask" for ::1 at 2023-02-20 11:07:13 +0100
  
SyntaxError (/Users/juliemunn/code/jmunn302/rails-stupid-coaching/app/controllers/questions_controller.rb:16: syntax error, unexpected `end', expecting end-of-input):
  
app/controllers/questions_controller.rb:16: syntax error, unexpected `end', expecting end-of-input
app/controllers/questions_controller.rb:16: syntax error, unexpected `end', expecting end-of-input
app/controllers/questions_controller.rb:16: syntax error, unexpected `end', expecting end-of-input
Started GET "/ask" for ::1 at 2023-02-20 11:07:23 +0100
Processing by QuestionsController#ask as HTML
  Rendering layout layouts/application.html.erb
  Rendering questions/ask.html.erb within layouts/application
  Rendered questions/ask.html.erb within layouts/application (Duration: 0.2ms | Allocations: 113)
  Rendered layout layouts/application.html.erb (Duration: 6.7ms | Allocations: 6328)
Completed 200 OK in 8ms (Views: 7.7ms | Allocations: 7149)


Started GET "/ask" for ::1 at 2023-02-20 11:07:39 +0100
Processing by QuestionsController#ask as HTML
  Rendering layout layouts/application.html.erb
  Rendering questions/ask.html.erb within layouts/application
  Rendered questions/ask.html.erb within layouts/application (Duration: 0.3ms | Allocations: 113)
  Rendered layout layouts/application.html.erb (Duration: 4.0ms | Allocations: 2845)
Completed 200 OK in 6ms (Views: 5.1ms | Allocations: 3585)


Started GET "/ask" for ::1 at 2023-02-20 11:07:59 +0100
Processing by QuestionsController#ask as HTML
  Rendering layout layouts/application.html.erb
  Rendering questions/ask.html.erb within layouts/application
  Rendered questions/ask.html.erb within layouts/application (Duration: 0.3ms | Allocations: 113)
  Rendered layout layouts/application.html.erb (Duration: 3.9ms | Allocations: 2860)
Completed 200 OK in 6ms (Views: 5.2ms | Allocations: 3601)


Started GET "/ask" for ::1 at 2023-02-20 11:15:52 +0100
Processing by QuestionsController#ask as HTML
  Rendering layout layouts/application.html.erb
  Rendering questions/ask.html.erb within layouts/application
  Rendered questions/ask.html.erb within layouts/application (Duration: 0.2ms | Allocations: 155)
  Rendered layout layouts/application.html.erb (Duration: 4.8ms | Allocations: 6316)
Completed 200 OK in 6ms (Views: 5.6ms | Allocations: 7180)


Started GET "/answer?question=am+i+ready%3F" for ::1 at 2023-02-20 11:15:58 +0100
Processing by QuestionsController#answer as HTML
  Parameters: {"question"=>"am i ready?"}
  Rendering layout layouts/application.html.erb
  Rendering questions/answer.html.erb within layouts/application
  Rendered questions/answer.html.erb within layouts/application (Duration: 6.1ms | Allocations: 4231)
  Rendered layout layouts/application.html.erb (Duration: 6.3ms | Allocations: 4310)
Completed 500 Internal Server Error in 7ms (Allocations: 4613)


  
ActionView::Template::Error (undefined local variable or method `answer' for #<ActionView::Base:0x0000000000cc38>

            @virtual_path = "questions/answer";;@output_buffer.append=( puts answer );
                                                                             ^^^^^^
Did you mean?  answer_url):
    1: <%= puts answer %>
  
app/views/questions/answer.html.erb:1
Started GET "/answer?question=am+i+ready%3F" for ::1 at 2023-02-20 11:18:20 +0100
Processing by QuestionsController#answer as HTML
  Parameters: {"question"=>"am i ready?"}
  Rendering layout layouts/application.html.erb
  Rendering questions/answer.html.erb within layouts/application
  Rendered questions/answer.html.erb within layouts/application (Duration: 4.2ms | Allocations: 4115)
  Rendered layout layouts/application.html.erb (Duration: 4.4ms | Allocations: 4203)
Completed 500 Internal Server Error in 6ms (Allocations: 5053)


  
ActionView::Template::Error (undefined local variable or method `answer' for #<ActionView::Base:0x0000000000da48>

            @virtual_path = "questions/answer";; answer 
                                                 ^^^^^^
Did you mean?  @answer):
    1: <% answer %>
  
app/views/questions/answer.html.erb:1
Started GET "/answer?question=am+i+ready%3F" for ::1 at 2023-02-20 11:18:28 +0100
Processing by QuestionsController#answer as HTML
  Parameters: {"question"=>"am i ready?"}
  Rendering layout layouts/application.html.erb
  Rendering questions/answer.html.erb within layouts/application
  Rendered questions/answer.html.erb within layouts/application (Duration: 0.2ms | Allocations: 114)
  Rendered layout layouts/application.html.erb (Duration: 7.0ms | Allocations: 6316)
Completed 200 OK in 9ms (Views: 8.5ms | Allocations: 7075)


Started GET "/answer?question=am+i+ready%3F" for ::1 at 2023-02-20 11:18:38 +0100
Processing by QuestionsController#answer as HTML
  Parameters: {"question"=>"am i ready?"}
  Rendering layout layouts/application.html.erb
  Rendering questions/answer.html.erb within layouts/application
  Rendered questions/answer.html.erb within layouts/application (Duration: 0.2ms | Allocations: 117)
  Rendered layout layouts/application.html.erb (Duration: 4.0ms | Allocations: 2836)
Completed 200 OK in 6ms (Views: 5.0ms | Allocations: 3591)


Started GET "/answer?question=am+i+ready%3F" for ::1 at 2023-02-20 11:19:17 +0100
Processing by QuestionsController#answer as HTML
  Parameters: {"question"=>"am i ready?"}
  Rendering layout layouts/application.html.erb
  Rendering questions/answer.html.erb within layouts/application
  Rendered questions/answer.html.erb within layouts/application (Duration: 3.4ms | Allocations: 2828)
  Rendered layout layouts/application.html.erb (Duration: 3.6ms | Allocations: 2916)
Completed 500 Internal Server Error in 6ms (Allocations: 3645)


  
ActionView::Template::Error (undefined method `answer' for QuestionsController:Class

            @virtual_path = "questions/answer";; QuestionsController.answer 
                                                                    ^^^^^^^):
    1: <% QuestionsController.answer %>
  
app/views/questions/answer.html.erb:1
Started GET "/answer?question=am+i+ready%3F" for ::1 at 2023-02-20 11:19:48 +0100
Processing by QuestionsController#answer as HTML
  Parameters: {"question"=>"am i ready?"}
  Rendering layout layouts/application.html.erb
  Rendering questions/answer.html.erb within layouts/application
  Rendered questions/answer.html.erb within layouts/application (Duration: 3.5ms | Allocations: 2832)
  Rendered layout layouts/application.html.erb (Duration: 3.7ms | Allocations: 2920)
Completed 500 Internal Server Error in 5ms (Allocations: 3643)


  
ActionView::Template::Error (undefined method `answer' for QuestionsController:Class

            @virtual_path = "questions/answer";;@output_buffer.append=( QuestionsController.answer );
                                                                                           ^^^^^^^):
    1: <%= QuestionsController.answer %>
  
app/views/questions/answer.html.erb:1
Started GET "/answer?question=hi" for ::1 at 2023-02-20 11:20:32 +0100
Processing by QuestionsController#answer as HTML
  Parameters: {"question"=>"hi"}
  Rendering layout layouts/application.html.erb
  Rendering questions/answer.html.erb within layouts/application
  Rendered questions/answer.html.erb within layouts/application (Duration: 3.0ms | Allocations: 2693)
  Rendered layout layouts/application.html.erb (Duration: 3.2ms | Allocations: 2772)
Completed 500 Internal Server Error in 4ms (Allocations: 3009)


  
ActionView::Template::Error (undefined method `answer' for QuestionsController:Class

            @virtual_path = "questions/answer";;@output_buffer.append=( QuestionsController.answer );
                                                                                           ^^^^^^^):
    1: <%= QuestionsController.answer %>
  
app/views/questions/answer.html.erb:1
Started GET "/answer?question=hi" for ::1 at 2023-02-20 11:21:16 +0100
Processing by QuestionsController#answer as HTML
  Parameters: {"question"=>"hi"}
  Rendering layout layouts/application.html.erb
  Rendering questions/answer.html.erb within layouts/application
  Rendered questions/answer.html.erb within layouts/application (Duration: 0.3ms | Allocations: 124)
  Rendered layout layouts/application.html.erb (Duration: 3.6ms | Allocations: 2868)
Completed 200 OK in 5ms (Views: 4.4ms | Allocations: 3601)


Started GET "/answer?question=hi" for ::1 at 2023-02-20 11:21:47 +0100
Processing by QuestionsController#answer as HTML
  Parameters: {"question"=>"hi"}
  Rendering layout layouts/application.html.erb
  Rendering questions/answer.html.erb within layouts/application
  Rendered questions/answer.html.erb within layouts/application (Duration: 0.0ms | Allocations: 8)
  Rendered layout layouts/application.html.erb (Duration: 3.3ms | Allocations: 2280)
Completed 200 OK in 4ms (Views: 3.6ms | Allocations: 2540)


Started GET "/answer?question=hi%3F" for ::1 at 2023-02-20 11:22:09 +0100
Processing by QuestionsController#answer as HTML
  Parameters: {"question"=>"hi?"}
  Rendering layout layouts/application.html.erb
  Rendering questions/answer.html.erb within layouts/application
  Rendered questions/answer.html.erb within layouts/application (Duration: 0.0ms | Allocations: 8)
  Rendered layout layouts/application.html.erb (Duration: 3.2ms | Allocations: 2305)
Completed 200 OK in 4ms (Views: 3.6ms | Allocations: 2548)


Started GET "/answer?question=I+am+going+to+work" for ::1 at 2023-02-20 11:22:19 +0100
Processing by QuestionsController#answer as HTML
  Parameters: {"question"=>"I am going to work"}
  Rendering layout layouts/application.html.erb
  Rendering questions/answer.html.erb within layouts/application
  Rendered questions/answer.html.erb within layouts/application (Duration: 0.0ms | Allocations: 8)
  Rendered layout layouts/application.html.erb (Duration: 3.5ms | Allocations: 2302)
Completed 200 OK in 4ms (Views: 3.9ms | Allocations: 2545)


Started GET "/answer?question=I+am+going+to+work+right+now%21" for ::1 at 2023-02-20 11:22:38 +0100
Processing by QuestionsController#answer as HTML
  Parameters: {"question"=>"I am going to work right now!"}
  Rendering layout layouts/application.html.erb
  Rendering questions/answer.html.erb within layouts/application
  Rendered questions/answer.html.erb within layouts/application (Duration: 0.0ms | Allocations: 8)
  Rendered layout layouts/application.html.erb (Duration: 3.1ms | Allocations: 2271)
Completed 200 OK in 4ms (Views: 3.5ms | Allocations: 2513)


Started GET "/ask" for ::1 at 2023-02-20 11:23:31 +0100
Processing by QuestionsController#ask as HTML
  Rendering layout layouts/application.html.erb
  Rendering questions/ask.html.erb within layouts/application
  Rendered questions/ask.html.erb within layouts/application (Duration: 0.3ms | Allocations: 154)
  Rendered layout layouts/application.html.erb (Duration: 3.7ms | Allocations: 2861)
Completed 200 OK in 5ms (Views: 4.9ms | Allocations: 3587)


Started GET "/answer?question=hello%3F" for ::1 at 2023-02-20 11:23:34 +0100
Processing by QuestionsController#answer as HTML
  Parameters: {"question"=>"hello?"}
  Rendering layout layouts/application.html.erb
  Rendering questions/answer.html.erb within layouts/application
  Rendered questions/answer.html.erb within layouts/application (Duration: 0.4ms | Allocations: 205)
  Rendered layout layouts/application.html.erb (Duration: 3.7ms | Allocations: 2482)
Completed 200 OK in 5ms (Views: 4.1ms | Allocations: 2793)


Started GET "/ask" for ::1 at 2023-02-20 11:23:36 +0100
Processing by QuestionsController#ask as HTML
  Rendering layout layouts/application.html.erb
  Rendering questions/ask.html.erb within layouts/application
  Rendered questions/ask.html.erb within layouts/application (Duration: 0.1ms | Allocations: 18)
  Rendered layout layouts/application.html.erb (Duration: 3.4ms | Allocations: 2290)
Completed 200 OK in 4ms (Views: 3.8ms | Allocations: 2522)


Started GET "/ask" for ::1 at 2023-02-20 11:24:43 +0100
Processing by QuestionsController#ask as HTML
  Rendering layout layouts/application.html.erb
  Rendering questions/ask.html.erb within layouts/application
  Rendered questions/ask.html.erb within layouts/application (Duration: 0.3ms | Allocations: 151)
  Rendered layout layouts/application.html.erb (Duration: 4.0ms | Allocations: 2864)
Completed 200 OK in 6ms (Views: 5.0ms | Allocations: 3590)


Started GET "/answer?question=hello%3F" for ::1 at 2023-02-20 11:24:47 +0100
Processing by QuestionsController#answer as HTML
  Parameters: {"question"=>"hello?"}
  Rendering layout layouts/application.html.erb
  Rendering questions/answer.html.erb within layouts/application
  Rendered questions/answer.html.erb within layouts/application (Duration: 0.5ms | Allocations: 184)
  Rendered layout layouts/application.html.erb (Duration: 4.1ms | Allocations: 2455)
Completed 200 OK in 5ms (Views: 4.5ms | Allocations: 2766)


Started GET "/answer?question=hello%3F" for ::1 at 2023-02-20 11:25:01 +0100
Processing by QuestionsController#answer as HTML
  Parameters: {"question"=>"hello?"}
  Rendering layout layouts/application.html.erb
  Rendering questions/answer.html.erb within layouts/application
  Rendered questions/answer.html.erb within layouts/application (Duration: 0.5ms | Allocations: 246)
  Rendered layout layouts/application.html.erb (Duration: 4.5ms | Allocations: 2965)
Completed 200 OK in 6ms (Views: 5.7ms | Allocations: 3704)


Started GET "/ask" for ::1 at 2023-02-20 11:25:04 +0100
Processing by QuestionsController#ask as HTML
  Rendering layout layouts/application.html.erb
  Rendering questions/ask.html.erb within layouts/application
  Rendered questions/ask.html.erb within layouts/application (Duration: 0.3ms | Allocations: 115)
  Rendered layout layouts/application.html.erb (Duration: 3.5ms | Allocations: 2387)
Completed 200 OK in 5ms (Views: 4.3ms | Allocations: 2687)


Started GET "/ask" for ::1 at 2023-02-20 11:25:26 +0100
Processing by QuestionsController#ask as HTML
  Rendering layout layouts/application.html.erb
  Rendering questions/ask.html.erb within layouts/application
  Rendered questions/ask.html.erb within layouts/application (Duration: 0.3ms | Allocations: 151)
  Rendered layout layouts/application.html.erb (Duration: 3.9ms | Allocations: 2876)
Completed 200 OK in 6ms (Views: 5.4ms | Allocations: 3602)


Started GET "/answer?question=hi+there" for ::1 at 2023-02-20 11:25:28 +0100
Processing by QuestionsController#answer as HTML
  Parameters: {"question"=>"hi there"}
  Rendering layout layouts/application.html.erb
  Rendering questions/answer.html.erb within layouts/application
  Rendered questions/answer.html.erb within layouts/application (Duration: 0.6ms | Allocations: 1083)
  Rendered layout layouts/application.html.erb (Duration: 0.8ms | Allocations: 1163)
Completed 500 Internal Server Error in 2ms (Allocations: 1460)


  
ActionView::SyntaxErrorInTemplate (Encountered a syntax error while rendering template: check <%= <h3>params[:question] </h3>%> </br>
<%= @answer %></br>
<%= link_to "back to ask", ask_path %>

):
1:    <%= <h3>params[:question] </h3>%> </br>
2:    <%= @answer %></br>
3:    <%= link_to "back to ask", ask_path %>
  
app/views/questions/answer.html.erb:1: syntax error, unexpected '<'
app/views/questions/answer.html.erb:1: unknown regexp options - br
app/views/questions/answer.html.erb:1: unmatched close parenthesis: /h3>);@output_buffer.safe_append=' </
app/views/questions/answer.html.erb:6: unterminated regexp meets end of file
app/views/questions/answer.html.erb:6: syntax error, unexpected end-of-input, expecting ')'
app/views/questions/answer.html.erb:1: syntax error, unexpected '<'
app/views/questions/answer.html.erb:1: unknown regexp options - br
app/views/questions/answer.html.erb:1: unmatched close parenthesis: /h3>);@output_buffer.safe_append=' </
app/views/questions/answer.html.erb:6: unterminated regexp meets end of file
app/views/questions/answer.html.erb:6: syntax error, unexpected end-of-input, expecting ')'
app/views/questions/answer.html.erb:1: syntax error, unexpected '<'
app/views/questions/answer.html.erb:1: unknown regexp options - br
app/views/questions/answer.html.erb:1: unmatched close parenthesis: /h3>);@output_buffer.safe_append=' </
app/views/questions/answer.html.erb:6: unterminated regexp meets end of file
app/views/questions/answer.html.erb:6: syntax error, unexpected end-of-input, expecting ')'
app/views/questions/answer.html.erb:1: syntax error, unexpected '<'
app/views/questions/answer.html.erb:1: unknown regexp options - br
app/views/questions/answer.html.erb:1: unmatched close parenthesis: /h3>);@output_buffer.safe_append=' </
app/views/questions/answer.html.erb:6: unterminated regexp meets end of file
app/views/questions/answer.html.erb:6: syntax error, unexpected end-of-input, expecting ')'
app/views/questions/answer.html.erb:1: syntax error, unexpected '<'
app/views/questions/answer.html.erb:1: unknown regexp options - br
app/views/questions/answer.html.erb:1: unmatched close parenthesis: /h3>);@output_buffer.safe_append=' </
app/views/questions/answer.html.erb:6: unterminated regexp meets end of file
app/views/questions/answer.html.erb:6: syntax error, unexpected end-of-input, expecting ')'
app/views/questions/answer.html.erb:1: syntax error, unexpected '<'
app/views/questions/answer.html.erb:1: unknown regexp options - br
app/views/questions/answer.html.erb:1: unmatched close parenthesis: /h3>);@output_buffer.safe_append=' </
app/views/questions/answer.html.erb:6: unterminated regexp meets end of file
app/views/questions/answer.html.erb:6: syntax error, unexpected end-of-input, expecting ')'
Started GET "/answer?question=hi+there" for ::1 at 2023-02-20 11:25:40 +0100
Processing by QuestionsController#answer as HTML
  Parameters: {"question"=>"hi there"}
  Rendering layout layouts/application.html.erb
  Rendering questions/answer.html.erb within layouts/application
  Rendered questions/answer.html.erb within layouts/application (Duration: 0.7ms | Allocations: 1099)
  Rendered layout layouts/application.html.erb (Duration: 0.9ms | Allocations: 1188)
Completed 500 Internal Server Error in 2ms (Allocations: 1894)


  
ActionView::SyntaxErrorInTemplate (Encountered a syntax error while rendering template: check <%= <h3>params[:question] </h3> %> </br>
<%= @answer %></br>
<%= link_to "back to ask", ask_path %>

):
1:    <%= <h3>params[:question] </h3> %> </br>
2:    <%= @answer %></br>
3:    <%= link_to "back to ask", ask_path %>
  
app/views/questions/answer.html.erb:1: syntax error, unexpected '<'
app/views/questions/answer.html.erb:1: unknown regexp options - br
app/views/questions/answer.html.erb:1: unmatched close parenthesis: /h3> );@output_buffer.safe_append=' </
app/views/questions/answer.html.erb:6: unterminated regexp meets end of file
app/views/questions/answer.html.erb:6: syntax error, unexpected end-of-input, expecting ')'
app/views/questions/answer.html.erb:1: syntax error, unexpected '<'
app/views/questions/answer.html.erb:1: unknown regexp options - br
app/views/questions/answer.html.erb:1: unmatched close parenthesis: /h3> );@output_buffer.safe_append=' </
app/views/questions/answer.html.erb:6: unterminated regexp meets end of file
app/views/questions/answer.html.erb:6: syntax error, unexpected end-of-input, expecting ')'
app/views/questions/answer.html.erb:1: syntax error, unexpected '<'
app/views/questions/answer.html.erb:1: unknown regexp options - br
app/views/questions/answer.html.erb:1: unmatched close parenthesis: /h3> );@output_buffer.safe_append=' </
app/views/questions/answer.html.erb:6: unterminated regexp meets end of file
app/views/questions/answer.html.erb:6: syntax error, unexpected end-of-input, expecting ')'
app/views/questions/answer.html.erb:1: syntax error, unexpected '<'
app/views/questions/answer.html.erb:1: unknown regexp options - br
app/views/questions/answer.html.erb:1: unmatched close parenthesis: /h3> );@output_buffer.safe_append=' </
app/views/questions/answer.html.erb:6: unterminated regexp meets end of file
app/views/questions/answer.html.erb:6: syntax error, unexpected end-of-input, expecting ')'
app/views/questions/answer.html.erb:1: syntax error, unexpected '<'
app/views/questions/answer.html.erb:1: unknown regexp options - br
app/views/questions/answer.html.erb:1: unmatched close parenthesis: /h3> );@output_buffer.safe_append=' </
app/views/questions/answer.html.erb:6: unterminated regexp meets end of file
app/views/questions/answer.html.erb:6: syntax error, unexpected end-of-input, expecting ')'
app/views/questions/answer.html.erb:1: syntax error, unexpected '<'
app/views/questions/answer.html.erb:1: unknown regexp options - br
app/views/questions/answer.html.erb:1: unmatched close parenthesis: /h3> );@output_buffer.safe_append=' </
app/views/questions/answer.html.erb:6: unterminated regexp meets end of file
app/views/questions/answer.html.erb:6: syntax error, unexpected end-of-input, expecting ')'
Started GET "/answer?question=hi+there" for ::1 at 2023-02-20 11:25:51 +0100
Processing by QuestionsController#answer as HTML
  Parameters: {"question"=>"hi there"}
  Rendering layout layouts/application.html.erb
  Rendering questions/answer.html.erb within layouts/application
  Rendered questions/answer.html.erb within layouts/application (Duration: 0.4ms | Allocations: 244)
  Rendered layout layouts/application.html.erb (Duration: 3.7ms | Allocations: 2947)
Completed 200 OK in 5ms (Views: 4.7ms | Allocations: 3698)


Started GET "/answer?question=hi+there" for ::1 at 2023-02-20 11:26:09 +0100
Processing by QuestionsController#answer as HTML
  Parameters: {"question"=>"hi there"}
  Rendering layout layouts/application.html.erb
  Rendering questions/answer.html.erb within layouts/application
  Rendered questions/answer.html.erb within layouts/application (Duration: 0.9ms | Allocations: 1101)
  Rendered layout layouts/application.html.erb (Duration: 1.0ms | Allocations: 1190)
Completed 500 Internal Server Error in 3ms (Allocations: 1918)


  
ActionView::SyntaxErrorInTemplate (Encountered a syntax error while rendering template: check <%= "Question:" params[:question] %> </br>
<%= @answer %></br>
<%= link_to "back to ask", ask_path %>

):
1:    <%= "Question:" params[:question] %> </br>
2:    <%= @answer %></br>
3:    <%= link_to "back to ask", ask_path %>
  
app/views/questions/answer.html.erb:1: syntax error, unexpected local variable or method, expecting ')'
app/views/questions/answer.html.erb:1: syntax error, unexpected local variable or method, expecting ')'
app/views/questions/answer.html.erb:1: syntax error, unexpected local variable or method, expecting ')'
app/views/questions/answer.html.erb:1: syntax error, unexpected local variable or method, expecting ')'
app/views/questions/answer.html.erb:1: syntax error, unexpected local variable or method, expecting ')'
app/views/questions/answer.html.erb:1: syntax error, unexpected local variable or method, expecting ')'
Started GET "/answer?question=hi+there" for ::1 at 2023-02-20 11:26:29 +0100
Processing by QuestionsController#answer as HTML
  Parameters: {"question"=>"hi there"}
  Rendering layout layouts/application.html.erb
  Rendering questions/answer.html.erb within layouts/application
  Rendered questions/answer.html.erb within layouts/application (Duration: 0.4ms | Allocations: 256)
  Rendered layout layouts/application.html.erb (Duration: 4.4ms | Allocations: 2968)
Completed 200 OK in 6ms (Views: 5.4ms | Allocations: 3719)


Started GET "/answer?question=hi+there" for ::1 at 2023-02-20 11:26:34 +0100
Processing by QuestionsController#answer as HTML
  Parameters: {"question"=>"hi there"}
  Rendering layout layouts/application.html.erb
  Rendering questions/answer.html.erb within layouts/application
  Rendered questions/answer.html.erb within layouts/application (Duration: 0.4ms | Allocations: 256)
  Rendered layout layouts/application.html.erb (Duration: 4.1ms | Allocations: 2954)
Completed 200 OK in 6ms (Views: 5.3ms | Allocations: 3709)


Started GET "/answer?question=hi+there" for ::1 at 2023-02-20 11:26:46 +0100
Processing by QuestionsController#answer as HTML
  Parameters: {"question"=>"hi there"}
  Rendering layout layouts/application.html.erb
  Rendering questions/answer.html.erb within layouts/application
  Rendered questions/answer.html.erb within layouts/application (Duration: 0.8ms | Allocations: 262)
  Rendered layout layouts/application.html.erb (Duration: 4.3ms | Allocations: 2945)
Completed 200 OK in 6ms (Views: 5.4ms | Allocations: 3700)


Started GET "/answer?question=hi+there" for ::1 at 2023-02-20 11:26:51 +0100
Processing by QuestionsController#answer as HTML
  Parameters: {"question"=>"hi there"}
  Rendering layout layouts/application.html.erb
  Rendering questions/answer.html.erb within layouts/application
  Rendered questions/answer.html.erb within layouts/application (Duration: 0.4ms | Allocations: 261)
  Rendered layout layouts/application.html.erb (Duration: 4.1ms | Allocations: 2947)
Completed 200 OK in 6ms (Views: 5.1ms | Allocations: 3702)


Started GET "/answer?question=hi+there" for ::1 at 2023-02-20 11:27:23 +0100
Processing by QuestionsController#answer as HTML
  Parameters: {"question"=>"hi there"}
  Rendering layout layouts/application.html.erb
  Rendering questions/answer.html.erb within layouts/application
  Rendered questions/answer.html.erb within layouts/application (Duration: 0.6ms | Allocations: 1121)
  Rendered layout layouts/application.html.erb (Duration: 0.8ms | Allocations: 1210)
Completed 500 Internal Server Error in 3ms (Allocations: 1938)


  
ActionView::SyntaxErrorInTemplate (Encountered a syntax error while rendering template: check <h3><%= "Question: " %><%=params[:question] %> </h3>
<p><%=Answer: %><%= @answer %></p>
<%= link_to "back to ask", ask_path %>

):
1:    <h3><%= "Question: " %><%=params[:question] %> </h3>
2:    <p><%=Answer: %><%= @answer %></p>
3:    <%= link_to "back to ask", ask_path %>
  
app/views/questions/answer.html.erb:2: syntax error, unexpected label
app/views/questions/answer.html.erb:6: syntax error, unexpected `end', expecting ')'
app/views/questions/answer.html.erb:2: syntax error, unexpected label
app/views/questions/answer.html.erb:6: syntax error, unexpected `end', expecting ')'
app/views/questions/answer.html.erb:2: syntax error, unexpected label
app/views/questions/answer.html.erb:6: syntax error, unexpected `end', expecting ')'
app/views/questions/answer.html.erb:2: syntax error, unexpected label
app/views/questions/answer.html.erb:6: syntax error, unexpected `end', expecting ')'
app/views/questions/answer.html.erb:2: syntax error, unexpected label
app/views/questions/answer.html.erb:6: syntax error, unexpected `end', expecting ')'
app/views/questions/answer.html.erb:2: syntax error, unexpected label
app/views/questions/answer.html.erb:6: syntax error, unexpected `end', expecting ')'
Started GET "/answer?question=hi+there" for ::1 at 2023-02-20 11:27:42 +0100
Processing by QuestionsController#answer as HTML
  Parameters: {"question"=>"hi there"}
  Rendering layout layouts/application.html.erb
  Rendering questions/answer.html.erb within layouts/application
  Rendered questions/answer.html.erb within layouts/application (Duration: 0.9ms | Allocations: 1120)
  Rendered layout layouts/application.html.erb (Duration: 1.1ms | Allocations: 1209)
Completed 500 Internal Server Error in 3ms (Allocations: 1933)


  
ActionView::SyntaxErrorInTemplate (Encountered a syntax error while rendering template: check <h3><%= "Question: " %><%=params[:question] %> </h3>
<p><%= Answer: %><%= @answer %> </p>
<%= link_to "back to ask", ask_path %>

):
1:    <h3><%= "Question: " %><%=params[:question] %> </h3>
2:    <p><%= Answer: %><%= @answer %> </p>
3:    <%= link_to "back to ask", ask_path %>
  
app/views/questions/answer.html.erb:2: syntax error, unexpected label
app/views/questions/answer.html.erb:6: syntax error, unexpected `end', expecting ')'
app/views/questions/answer.html.erb:2: syntax error, unexpected label
app/views/questions/answer.html.erb:6: syntax error, unexpected `end', expecting ')'
app/views/questions/answer.html.erb:2: syntax error, unexpected label
app/views/questions/answer.html.erb:6: syntax error, unexpected `end', expecting ')'
app/views/questions/answer.html.erb:2: syntax error, unexpected label
app/views/questions/answer.html.erb:6: syntax error, unexpected `end', expecting ')'
app/views/questions/answer.html.erb:2: syntax error, unexpected label
app/views/questions/answer.html.erb:6: syntax error, unexpected `end', expecting ')'
app/views/questions/answer.html.erb:2: syntax error, unexpected label
app/views/questions/answer.html.erb:6: syntax error, unexpected `end', expecting ')'
Started GET "/answer?question=hi+there" for ::1 at 2023-02-20 11:27:52 +0100
Processing by QuestionsController#answer as HTML
  Parameters: {"question"=>"hi there"}
  Rendering layout layouts/application.html.erb
  Rendering questions/answer.html.erb within layouts/application
  Rendered questions/answer.html.erb within layouts/application (Duration: 0.4ms | Allocations: 274)
  Rendered layout layouts/application.html.erb (Duration: 4.2ms | Allocations: 2980)
Completed 200 OK in 6ms (Views: 5.2ms | Allocations: 3731)


Started GET "/answer?question=hi+there" for ::1 at 2023-02-20 11:27:56 +0100
Processing by QuestionsController#answer as HTML
  Parameters: {"question"=>"hi there"}
  Rendering layout layouts/application.html.erb
  Rendering questions/answer.html.erb within layouts/application
  Rendered questions/answer.html.erb within layouts/application (Duration: 0.5ms | Allocations: 272)
  Rendered layout layouts/application.html.erb (Duration: 4.2ms | Allocations: 2976)
Completed 200 OK in 6ms (Views: 5.2ms | Allocations: 3731)


Started GET "/answer?question=hi+there" for ::1 at 2023-02-20 11:28:10 +0100
Processing by QuestionsController#answer as HTML
  Parameters: {"question"=>"hi there"}
  Rendering layout layouts/application.html.erb
  Rendering questions/answer.html.erb within layouts/application
  Rendered questions/answer.html.erb within layouts/application (Duration: 0.5ms | Allocations: 278)
  Rendered layout layouts/application.html.erb (Duration: 4.5ms | Allocations: 2976)
Completed 200 OK in 6ms (Views: 5.5ms | Allocations: 3731)


Started GET "/ask" for ::1 at 2023-02-20 11:30:23 +0100
Processing by QuestionsController#ask as HTML
  Rendering layout layouts/application.html.erb
  Rendering questions/ask.html.erb within layouts/application
  Rendered questions/ask.html.erb within layouts/application (Duration: 0.3ms | Allocations: 115)
  Rendered layout layouts/application.html.erb (Duration: 3.7ms | Allocations: 2390)
Completed 200 OK in 5ms (Views: 4.0ms | Allocations: 2690)


Started GET "/ask" for ::1 at 2023-02-20 11:32:33 +0100
Processing by QuestionsController#ask as HTML
  Rendering layout layouts/application.html.erb
  Rendering questions/ask.html.erb within layouts/application
  Rendered questions/ask.html.erb within layouts/application (Duration: 0.2ms | Allocations: 152)
  Rendered layout layouts/application.html.erb (Duration: 5.6ms | Allocations: 6353)
Completed 200 OK in 7ms (Views: 6.5ms | Allocations: 7215)


Started GET "/answer?question=hello%3F" for ::1 at 2023-02-20 11:32:37 +0100
Processing by QuestionsController#answer as HTML
  Parameters: {"question"=>"hello?"}
  Rendering layout layouts/application.html.erb
  Rendering questions/answer.html.erb within layouts/application
  Rendered questions/answer.html.erb within layouts/application (Duration: 0.4ms | Allocations: 223)
  Rendered layout layouts/application.html.erb (Duration: 3.3ms | Allocations: 2500)
Completed 200 OK in 4ms (Views: 3.7ms | Allocations: 2811)


Started GET "/answer?question=hello%3F" for ::1 at 2023-02-20 11:32:46 +0100
Processing by QuestionsController#answer as HTML
  Parameters: {"question"=>"hello?"}
  Rendering layout layouts/application.html.erb
  Rendering questions/answer.html.erb within layouts/application
  Rendered questions/answer.html.erb within layouts/application (Duration: 0.8ms | Allocations: 278)
  Rendered layout layouts/application.html.erb (Duration: 4.4ms | Allocations: 2991)
Completed 200 OK in 6ms (Views: 5.4ms | Allocations: 3730)


Started GET "/answer?question=hello%3F" for ::1 at 2023-02-20 11:33:12 +0100
Processing by QuestionsController#answer as HTML
  Parameters: {"question"=>"hello?"}
  Rendering layout layouts/application.html.erb
  Rendering questions/answer.html.erb within layouts/application
  Rendered questions/answer.html.erb within layouts/application (Duration: 0.4ms | Allocations: 277)
  Rendered layout layouts/application.html.erb (Duration: 4.2ms | Allocations: 2984)
Completed 200 OK in 6ms (Views: 5.3ms | Allocations: 3739)


Started GET "/answer?question=hello%3F" for ::1 at 2023-02-20 11:33:14 +0100
Processing by QuestionsController#answer as HTML
  Parameters: {"question"=>"hello?"}
  Rendering layout layouts/application.html.erb
  Rendering questions/answer.html.erb within layouts/application
  Rendered questions/answer.html.erb within layouts/application (Duration: 0.1ms | Allocations: 52)
  Rendered layout layouts/application.html.erb (Duration: 3.2ms | Allocations: 2347)
Completed 200 OK in 4ms (Views: 3.6ms | Allocations: 2606)


Started GET "/answer?question=hello%3F" for ::1 at 2023-02-20 11:33:54 +0100
Processing by QuestionsController#answer as HTML
  Parameters: {"question"=>"hello?"}
  Rendering layout layouts/application.html.erb
  Rendering questions/answer.html.erb within layouts/application
  Rendered questions/answer.html.erb within layouts/application (Duration: 0.5ms | Allocations: 280)
  Rendered layout layouts/application.html.erb (Duration: 4.0ms | Allocations: 2977)
Completed 200 OK in 6ms (Views: 5.0ms | Allocations: 3718)


Started GET "/answer?question=hello%3F" for ::1 at 2023-02-20 11:34:06 +0100
Processing by QuestionsController#answer as HTML
  Parameters: {"question"=>"hello?"}
  Rendering layout layouts/application.html.erb
  Rendering questions/answer.html.erb within layouts/application
  Rendered questions/answer.html.erb within layouts/application (Duration: 0.5ms | Allocations: 277)
  Rendered layout layouts/application.html.erb (Duration: 5.1ms | Allocations: 2978)
Completed 200 OK in 7ms (Views: 6.3ms | Allocations: 3733)


Started GET "/answer?question=hello%3F" for ::1 at 2023-02-20 11:34:44 +0100
Processing by QuestionsController#answer as HTML
  Parameters: {"question"=>"hello?"}
  Rendering layout layouts/application.html.erb
  Rendering questions/answer.html.erb within layouts/application
  Rendered questions/answer.html.erb within layouts/application (Duration: 0.5ms | Allocations: 277)
  Rendered layout layouts/application.html.erb (Duration: 4.9ms | Allocations: 2969)
Completed 200 OK in 7ms (Views: 6.0ms | Allocations: 3724)


Started GET "/answer?question=hello%3F" for ::1 at 2023-02-20 11:35:27 +0100
Processing by QuestionsController#answer as HTML
  Parameters: {"question"=>"hello?"}
  Rendering layout layouts/application.html.erb
  Rendering questions/answer.html.erb within layouts/application
  Rendered questions/answer.html.erb within layouts/application (Duration: 0.5ms | Allocations: 277)
  Rendered layout layouts/application.html.erb (Duration: 4.2ms | Allocations: 2978)
Completed 200 OK in 6ms (Views: 5.5ms | Allocations: 3733)


Started GET "/answer?question=hello%3F" for ::1 at 2023-02-20 11:35:33 +0100
Processing by QuestionsController#answer as HTML
  Parameters: {"question"=>"hello?"}
  Rendering layout layouts/application.html.erb
  Rendering questions/answer.html.erb within layouts/application
  Rendered questions/answer.html.erb within layouts/application (Duration: 0.5ms | Allocations: 278)
  Rendered layout layouts/application.html.erb (Duration: 3.8ms | Allocations: 2970)
Completed 200 OK in 6ms (Views: 5.0ms | Allocations: 3726)


Started GET "/answer?question=hello%3F" for ::1 at 2023-02-20 11:35:43 +0100
Processing by QuestionsController#answer as HTML
  Parameters: {"question"=>"hello?"}
  Rendering layout layouts/application.html.erb
  Rendering questions/answer.html.erb within layouts/application
  Rendered questions/answer.html.erb within layouts/application (Duration: 0.5ms | Allocations: 277)
  Rendered layout layouts/application.html.erb (Duration: 3.9ms | Allocations: 3004)
Completed 200 OK in 6ms (Views: 5.1ms | Allocations: 3760)


Started GET "/answer?question=hello%3F" for ::1 at 2023-02-20 11:36:23 +0100
Processing by QuestionsController#answer as HTML
  Parameters: {"question"=>"hello?"}
  Rendering layout layouts/application.html.erb
  Rendering questions/answer.html.erb within layouts/application
  Rendered questions/answer.html.erb within layouts/application (Duration: 0.4ms | Allocations: 276)
  Rendered layout layouts/application.html.erb (Duration: 7.9ms | Allocations: 4402)
Completed 200 OK in 10ms (Views: 8.9ms | Allocations: 5157)


Started GET "/answer?question=hello%3F" for ::1 at 2023-02-20 11:36:32 +0100
Processing by QuestionsController#answer as HTML
  Parameters: {"question"=>"hello?"}
  Rendering layout layouts/application.html.erb
  Rendering questions/answer.html.erb within layouts/application
  Rendered questions/answer.html.erb within layouts/application (Duration: 0.1ms | Allocations: 52)
  Rendered layout layouts/application.html.erb (Duration: 7.7ms | Allocations: 3663)
Completed 200 OK in 8ms (Views: 8.1ms | Allocations: 3922)


Started GET "/answer?question=hello%3F" for ::1 at 2023-02-20 11:36:52 +0100
Processing by QuestionsController#answer as HTML
  Parameters: {"question"=>"hello?"}
  Rendering layout layouts/application.html.erb
  Rendering questions/answer.html.erb within layouts/application
  Rendered questions/answer.html.erb within layouts/application (Duration: 0.5ms | Allocations: 277)
  Rendered layout layouts/application.html.erb (Duration: 3.8ms | Allocations: 2975)
Completed 200 OK in 6ms (Views: 5.1ms | Allocations: 3714)


Started GET "/answer?question=hello%3F" for ::1 at 2023-02-20 11:37:01 +0100
Processing by QuestionsController#answer as HTML
  Parameters: {"question"=>"hello?"}
  Rendering layout layouts/application.html.erb
  Rendering questions/answer.html.erb within layouts/application
  Rendered questions/answer.html.erb within layouts/application (Duration: 0.4ms | Allocations: 277)
  Rendered layout layouts/application.html.erb (Duration: 4.1ms | Allocations: 2966)
Completed 200 OK in 6ms (Views: 5.1ms | Allocations: 3721)


Started GET "/answer?question=hello%3F" for ::1 at 2023-02-20 11:37:45 +0100
Processing by QuestionsController#answer as HTML
  Parameters: {"question"=>"hello?"}
  Rendering layout layouts/application.html.erb
  Rendering questions/answer.html.erb within layouts/application
  Rendered questions/answer.html.erb within layouts/application (Duration: 0.1ms | Allocations: 52)
  Rendered layout layouts/application.html.erb (Duration: 7.3ms | Allocations: 3760)
Completed 200 OK in 8ms (Views: 7.7ms | Allocations: 4019)


Started GET "/ask" for ::1 at 2023-02-20 11:37:50 +0100
Processing by QuestionsController#ask as HTML
  Rendering layout layouts/application.html.erb
  Rendering questions/ask.html.erb within layouts/application
  Rendered questions/ask.html.erb within layouts/application (Duration: 0.3ms | Allocations: 114)
  Rendered layout layouts/application.html.erb (Duration: 3.5ms | Allocations: 2398)
Completed 200 OK in 4ms (Views: 3.9ms | Allocations: 2683)


Started GET "/answer?question=I+am+going+to+work+right+now%21" for ::1 at 2023-02-20 11:38:02 +0100
Processing by QuestionsController#answer as HTML
  Parameters: {"question"=>"I am going to work right now!"}
  Rendering layout layouts/application.html.erb
  Rendering questions/answer.html.erb within layouts/application
  Rendered questions/answer.html.erb within layouts/application (Duration: 0.1ms | Allocations: 52)
  Rendered layout layouts/application.html.erb (Duration: 2.8ms | Allocations: 2332)
Completed 200 OK in 4ms (Views: 3.3ms | Allocations: 2574)


Started GET "/answer?question=I+am+going+to+work+right+now%21" for ::1 at 2023-02-20 11:38:59 +0100
Processing by QuestionsController#answer as HTML
  Parameters: {"question"=>"I am going to work right now!"}
  Rendering layout layouts/application.html.erb
  Rendering questions/answer.html.erb within layouts/application
  Rendered questions/answer.html.erb within layouts/application (Duration: 0.1ms | Allocations: 52)
  Rendered layout layouts/application.html.erb (Duration: 7.5ms | Allocations: 3661)
Completed 200 OK in 8ms (Views: 7.9ms | Allocations: 3903)


Started GET "/answer?question=I+am+going+to+work+right+now%21" for ::1 at 2023-02-20 11:39:07 +0100
Processing by QuestionsController#answer as HTML
  Parameters: {"question"=>"I am going to work right now!"}
  Rendering layout layouts/application.html.erb
  Rendering questions/answer.html.erb within layouts/application
  Rendered questions/answer.html.erb within layouts/application (Duration: 0.1ms | Allocations: 52)
  Rendered layout layouts/application.html.erb (Duration: 7.8ms | Allocations: 3688)
Completed 200 OK in 9ms (Views: 8.2ms | Allocations: 3930)


